Tue 06 Jun 2023 14:23:50 - 来自 ('127.0.0.1', 57719) 的连接......
Tue 06 Jun 2023 14:23:50 - 收到来自 2d5043303030312d383236383030333139323935 的handshake消息
Tue 06 Jun 2023 14:23:50 - 查看数据库 - ("54a209462a1ab23e8b7246c319844ea0709a70ef")
Tue 06 Jun 2023 14:23:50 - 2d5043303030312d383236383030333139323935请求非法文件
Tue 06 Jun 2023 14:31:27 - 来自 ('127.0.0.1', 58320) 的连接......
Tue 06 Jun 2023 14:31:27 - 收到来自 2d5043303030312d313337383435323435373138 的handshake消息
Tue 06 Jun 2023 14:31:27 - 查看数据库 - ("54a209462a1ab23e8b7246c319844ea0709a70ef")
Tue 06 Jun 2023 14:31:27 - 2d5043303030312d313337383435323435373138请求非法文件
Tue 06 Jun 2023 14:31:27 - 向 2d5043303030312d313337383435323435373138 发送handshake消息
Tue 06 Jun 2023 14:37:38 - 来自 ('127.0.0.1', 58395) 的连接......
Tue 06 Jun 2023 14:37:38 - 收到来自 2d5043303030312d393734373430393338303036 的handshake消息
Tue 06 Jun 2023 14:37:38 - 查看数据库 - ("54a209462a1ab23e8b7246c319844ea0709a70ef")
Tue 06 Jun 2023 14:37:38 - 向 2d5043303030312d393734373430393338303036 发送handshake消息
Tue 06 Jun 2023 14:37:38 - 向 2d5043303030312d393734373430393338303036 发送bitfield消息
Tue 06 Jun 2023 14:37:38 - 收到来自 2d5043303030312d393734373430393338303036 的interested消息
Tue 06 Jun 2023 14:38:07 - 来自 ('127.0.0.1', 58456) 的连接......
Tue 06 Jun 2023 14:38:07 - 收到来自 2d5043303030312d353032313839383239333539 的handshake消息
Tue 06 Jun 2023 14:38:07 - 查看数据库 - ("54a209462a1ab23e8b7246c319844ea0709a70ef")
Tue 06 Jun 2023 14:38:07 - 向 2d5043303030312d353032313839383239333539 发送handshake消息
Tue 06 Jun 2023 14:38:07 - 向 2d5043303030312d353032313839383239333539 发送bitfield消息
Tue 06 Jun 2023 14:38:07 - 收到来自 2d5043303030312d353032313839383239333539 的interested消息
Tue 06 Jun 2023 14:42:11 - 来自 ('127.0.0.1', 58524) 的连接......
Tue 06 Jun 2023 14:42:11 - 收到来自 2d5043303030312d333830373339303238363539 的handshake消息
Tue 06 Jun 2023 14:42:11 - 查看数据库 - ("54a209462a1ab23e8b7246c319844ea0709a70ef")
Tue 06 Jun 2023 14:42:11 - 向 2d5043303030312d333830373339303238363539 发送handshake消息
Tue 06 Jun 2023 14:42:11 - 向 2d5043303030312d333830373339303238363539 发送bitfield消息
Tue 06 Jun 2023 14:42:11 - 收到来自 2d5043303030312d333830373339303238363539 的interested消息
Tue 06 Jun 2023 14:42:11 - 向 2d5043303030312d333830373339303238363539 发送unchock消息
Tue 06 Jun 2023 14:42:11 - 收到来自 2d5043303030312d333830373339303238363539 的request消息： 0,0,16384
Tue 06 Jun 2023 14:42:11 - 向 2d5043303030312d333830373339303238363539 发送piece消息： 0,0,16384
Tue 06 Jun 2023 14:42:13 - 收到来自 2d5043303030312d333830373339303238363539 的request消息： 1,0,887
Tue 06 Jun 2023 14:42:13 - 向 2d5043303030312d333830373339303238363539 发送piece消息： 1,0,887
Tue 06 Jun 2023 14:42:15 - 连接不合法,断开与 ('127.0.0.1', 58524) 的连接
Tue 06 Jun 2023 14:44:20 - 来自 ('127.0.0.1', 58545) 的连接......
Tue 06 Jun 2023 14:44:20 - 收到来自 2d5043303030312d363735373535333035353038 的handshake消息
Tue 06 Jun 2023 14:44:20 - 查看数据库 - ("54a209462a1ab23e8b7246c319844ea0709a70ef")
Tue 06 Jun 2023 14:44:20 - 向 2d5043303030312d363735373535333035353038 发送handshake消息
Tue 06 Jun 2023 14:44:20 - 向 2d5043303030312d363735373535333035353038 发送bitfield消息
Tue 06 Jun 2023 14:44:20 - 收到来自 2d5043303030312d363735373535333035353038 的interested消息
Tue 06 Jun 2023 14:44:20 - 向 2d5043303030312d363735373535333035353038 发送unchock消息
Tue 06 Jun 2023 14:44:20 - 收到来自 2d5043303030312d363735373535333035353038 的request消息： 0,0,16384
Tue 06 Jun 2023 14:44:20 - 向 2d5043303030312d363735373535333035353038 发送piece消息： 0,0,16384
Tue 06 Jun 2023 14:44:22 - 收到来自 2d5043303030312d363735373535333035353038 的request消息： 1,0,887
Tue 06 Jun 2023 14:44:22 - 向 2d5043303030312d363735373535333035353038 发送piece消息： 1,0,887
Tue 06 Jun 2023 14:44:25 - 连接不合法,断开与 ('127.0.0.1', 58545) 的连接
Tue 06 Jun 2023 14:50:32 - 来自 ('127.0.0.1', 58569) 的连接......
Tue 06 Jun 2023 14:50:32 - 收到来自 2d5043303030312d323137343136343631323935 的handshake消息
Tue 06 Jun 2023 14:50:32 - 查看数据库 - ("54a209462a1ab23e8b7246c319844ea0709a70ef")
Tue 06 Jun 2023 14:50:32 - 向 2d5043303030312d323137343136343631323935 发送handshake消息
Tue 06 Jun 2023 14:50:32 - 向 2d5043303030312d323137343136343631323935 发送bitfield消息
Tue 06 Jun 2023 14:50:32 - 收到来自 2d5043303030312d323137343136343631323935 的interested消息
Tue 06 Jun 2023 14:50:32 - 向 2d5043303030312d323137343136343631323935 发送unchock消息
Tue 06 Jun 2023 14:50:32 - 收到来自 2d5043303030312d323137343136343631323935 的request消息： 0,0,16384
Tue 06 Jun 2023 14:50:32 - 向 2d5043303030312d323137343136343631323935 发送piece消息： 0,0,16384
Tue 06 Jun 2023 14:50:34 - 收到来自 2d5043303030312d323137343136343631323935 的request消息： 1,0,887
Tue 06 Jun 2023 14:50:34 - 向 2d5043303030312d323137343136343631323935 发送piece消息： 1,0,887
Tue 06 Jun 2023 14:50:36 - 连接不合法,断开与 ('127.0.0.1', 58569) 的连接
Tue 06 Jun 2023 14:50:56 - 来自 ('127.0.0.1', 58586) 的连接......
Tue 06 Jun 2023 14:50:56 - 收到来自 2d5043303030312d333735333637303835333332 的handshake消息： info_hash - 54a209462a1ab23e8b7246c319844ea0709a70ef
Tue 06 Jun 2023 14:50:56 - 查看数据库 - ("54a209462a1ab23e8b7246c319844ea0709a70ef")
Tue 06 Jun 2023 14:50:56 - 向 2d5043303030312d333735333637303835333332 发送handshake消息
Tue 06 Jun 2023 14:50:56 - 向 2d5043303030312d333735333637303835333332 发送bitfield消息
Tue 06 Jun 2023 14:50:56 - 收到来自 2d5043303030312d333735333637303835333332 的interested消息
Tue 06 Jun 2023 14:50:56 - 向 2d5043303030312d333735333637303835333332 发送unchock消息
Tue 06 Jun 2023 14:50:56 - 收到来自 2d5043303030312d333735333637303835333332 的request消息： index - 0; begin - 0; length - 16384
Tue 06 Jun 2023 14:50:56 - 向 2d5043303030312d333735333637303835333332 发送piece消息： index - 0; begin - 0; length - 16384
Tue 06 Jun 2023 14:50:58 - 收到来自 2d5043303030312d333735333637303835333332 的request消息： index - 1; begin - 0; length - 887
Tue 06 Jun 2023 14:50:58 - 向 2d5043303030312d333735333637303835333332 发送piece消息： index - 1; begin - 0; length - 887
Tue 06 Jun 2023 14:51:00 - ('127.0.0.1', 58586)断开连接
Tue 06 Jun 2023 14:53:11 - 来自 ('127.0.0.1', 58612) 的连接......
Tue 06 Jun 2023 14:53:11 - 收到来自 2d5043303030312d363230313339333234313833 的handshake消息： info_hash - 54a209462a1ab23e8b7246c319844ea0709a70ef
Tue 06 Jun 2023 14:53:11 - 查看数据库 - ("54a209462a1ab23e8b7246c319844ea0709a70ef")
Tue 06 Jun 2023 14:53:11 - 向 2d5043303030312d363230313339333234313833 发送handshake消息
Tue 06 Jun 2023 14:53:11 - 向 2d5043303030312d363230313339333234313833 发送bitfield消息
Tue 06 Jun 2023 14:53:11 - 收到来自 2d5043303030312d363230313339333234313833 的interested消息
Tue 06 Jun 2023 14:53:11 - 向 2d5043303030312d363230313339333234313833 发送unchock消息
Tue 06 Jun 2023 14:53:11 - 收到来自 2d5043303030312d363230313339333234313833 的request消息： index - 0; begin - 0; length - 16384
Tue 06 Jun 2023 14:53:11 - 向 2d5043303030312d363230313339333234313833 发送piece消息： index - 0; begin - 0; length - 16384
Tue 06 Jun 2023 14:53:13 - 收到来自 2d5043303030312d363230313339333234313833 的request消息： index - 1; begin - 0; length - 887
Tue 06 Jun 2023 14:53:13 - 向 2d5043303030312d363230313339333234313833 发送piece消息： index - 1; begin - 0; length - 887
Tue 06 Jun 2023 14:53:15 - ('127.0.0.1', 58612)断开连接
Tue 06 Jun 2023 14:54:50 - 来自 ('127.0.0.1', 58644) 的连接......
Tue 06 Jun 2023 14:54:50 - 收到来自 2d5043303030312d373331393333303431303637 的handshake消息： info_hash - 54a209462a1ab23e8b7246c319844ea0709a70ef
Tue 06 Jun 2023 14:54:50 - 查看数据库 - ("54a209462a1ab23e8b7246c319844ea0709a70ef")
Tue 06 Jun 2023 14:54:50 - 2d5043303030312d373331393333303431303637请求非法文件
Tue 06 Jun 2023 14:54:50 - 向 2d5043303030312d373331393333303431303637 发送handshake消息
Tue 06 Jun 2023 14:54:50 - 向 2d5043303030312d373331393333303431303637 发送bitfield消息
Tue 06 Jun 2023 14:54:50 - 收到来自 2d5043303030312d373331393333303431303637 的interested消息
Tue 06 Jun 2023 14:54:50 - 向 2d5043303030312d373331393333303431303637 发送unchock消息
Tue 06 Jun 2023 14:54:50 - 收到来自 2d5043303030312d373331393333303431303637 的request消息： index - 0; begin - 0; length - 16384
Tue 06 Jun 2023 14:54:50 - ('127.0.0.1', 58644)断开连接
Wed 07 Jun 2023 17:13:57 - 来自 ('127.0.0.1', 58536) 的连接......
Wed 07 Jun 2023 17:13:57 - 收到来自 2d5043303030312d353037333331363337313435 的handshake消息： info_hash - 54a209462a1ab23e8b7246c319844ea0709a70ef
Wed 07 Jun 2023 17:13:57 - 查看数据库 - ("54a209462a1ab23e8b7246c319844ea0709a70ef")
Wed 07 Jun 2023 17:13:57 - 2d5043303030312d353037333331363337313435 请求非法文件!!!
Wed 07 Jun 2023 17:13:57 - 向 2d5043303030312d353037333331363337313435 发送handshake消息
Wed 07 Jun 2023 17:13:57 - 向 2d5043303030312d353037333331363337313435 发送bitfield消息
Wed 07 Jun 2023 17:13:57 - 收到来自 2d5043303030312d353037333331363337313435 的interested消息
Wed 07 Jun 2023 17:13:57 - 向 2d5043303030312d353037333331363337313435 发送unchock消息
Wed 07 Jun 2023 17:13:57 - 收到来自 2d5043303030312d353037333331363337313435 的request消息： index - 0; begin - 0; length - 16384
Wed 07 Jun 2023 17:13:57 - ('127.0.0.1', 58536)断开连接
Wed 07 Jun 2023 17:44:37 - 来自 ('127.0.0.1', 59582) 的连接......
Wed 07 Jun 2023 17:44:37 - 收到来自 2d5043303030312d373838323530343237353833 的handshake消息： info_hash - 54a209462a1ab23e8b7246c319844ea0709a70ef
Wed 07 Jun 2023 17:44:37 - 查看数据库 - ("54a209462a1ab23e8b7246c319844ea0709a70ef")
Wed 07 Jun 2023 17:44:37 - 2d5043303030312d373838323530343237353833 请求非法文件!!!
Wed 07 Jun 2023 17:44:37 - 向 2d5043303030312d373838323530343237353833 发送handshake消息
Wed 07 Jun 2023 17:44:37 - 向 2d5043303030312d373838323530343237353833 发送bitfield消息
Wed 07 Jun 2023 17:44:37 - 收到来自 2d5043303030312d373838323530343237353833 的interested消息
Wed 07 Jun 2023 17:44:37 - 向 2d5043303030312d373838323530343237353833 发送unchock消息
Wed 07 Jun 2023 17:44:37 - 收到来自 2d5043303030312d373838323530343237353833 的request消息： index - 0; begin - 0; length - 16384
Wed 07 Jun 2023 17:44:37 - ('127.0.0.1', 59582)断开连接
Wed 07 Jun 2023 17:45:28 - 来自 ('127.0.0.1', 59646) 的连接......
Wed 07 Jun 2023 17:45:28 - 收到来自 2d5043303030312d383031353530343433323431 的handshake消息： info_hash - 54a209462a1ab23e8b7246c319844ea0709a70ef
Wed 07 Jun 2023 17:45:28 - 查看数据库 - ("54a209462a1ab23e8b7246c319844ea0709a70ef")
Wed 07 Jun 2023 17:45:28 - 2d5043303030312d383031353530343433323431 请求非法文件!!!
Wed 07 Jun 2023 17:45:28 - 向 2d5043303030312d383031353530343433323431 发送handshake消息
Wed 07 Jun 2023 17:45:28 - 向 2d5043303030312d383031353530343433323431 发送bitfield消息
Wed 07 Jun 2023 17:45:28 - 收到来自 2d5043303030312d383031353530343433323431 的interested消息
Wed 07 Jun 2023 17:45:28 - 向 2d5043303030312d383031353530343433323431 发送unchock消息
Wed 07 Jun 2023 17:45:28 - 收到来自 2d5043303030312d383031353530343433323431 的request消息： index - 0; begin - 0; length - 16384
Wed 07 Jun 2023 17:45:28 - ('127.0.0.1', 59646)断开连接
Wed 07 Jun 2023 17:45:52 - 来自 ('127.0.0.1', 59679) 的连接......
Wed 07 Jun 2023 17:45:52 - 收到来自 2d5043303030312d333433303434303130333032 的handshake消息： info_hash - 54a209462a1ab23e8b7246c319844ea0709a70ef
Wed 07 Jun 2023 17:45:52 - 查看数据库 - ("54a209462a1ab23e8b7246c319844ea0709a70ef")
Wed 07 Jun 2023 17:45:52 - 2d5043303030312d333433303434303130333032 请求非法文件!!!
Wed 07 Jun 2023 17:45:52 - 向 2d5043303030312d333433303434303130333032 发送handshake消息
Wed 07 Jun 2023 17:45:52 - 向 2d5043303030312d333433303434303130333032 发送bitfield消息
Wed 07 Jun 2023 17:45:52 - 收到来自 2d5043303030312d333433303434303130333032 的interested消息
Wed 07 Jun 2023 17:45:52 - 向 2d5043303030312d333433303434303130333032 发送unchock消息
Wed 07 Jun 2023 17:45:52 - 收到来自 2d5043303030312d333433303434303130333032 的request消息： index - 0; begin - 0; length - 16384
Wed 07 Jun 2023 17:45:52 - ('127.0.0.1', 59679)断开连接
Wed 07 Jun 2023 17:57:39 - 来自 ('127.0.0.1', 60513) 的连接......
Wed 07 Jun 2023 17:57:59 - 来自 ('127.0.0.1', 60542) 的连接......
Wed 07 Jun 2023 17:57:59 - 收到来自 2d5043303030312d373833313732313732353336 的handshake消息： info_hash - 54a209462a1ab23e8b7246c319844ea0709a70ef
Wed 07 Jun 2023 17:57:59 - 查看数据库 - ("54a209462a1ab23e8b7246c319844ea0709a70ef")
Wed 07 Jun 2023 17:57:59 - 2d5043303030312d373833313732313732353336 请求非法文件!!!
Wed 07 Jun 2023 17:57:59 - 向 2d5043303030312d373833313732313732353336 发送handshake消息
Wed 07 Jun 2023 17:57:59 - 向 2d5043303030312d373833313732313732353336 发送bitfield消息
Wed 07 Jun 2023 17:57:59 - 收到来自 2d5043303030312d373833313732313732353336 的interested消息
Wed 07 Jun 2023 17:57:59 - 向 2d5043303030312d373833313732313732353336 发送unchock消息
Wed 07 Jun 2023 17:57:59 - 收到来自 2d5043303030312d373833313732313732353336 的request消息： index - 0; begin - 0; length - 16384
Wed 07 Jun 2023 17:57:59 - ('127.0.0.1', 60542)断开连接
Wed 07 Jun 2023 17:58:26 - 来自 ('127.0.0.1', 60586) 的连接......
Wed 07 Jun 2023 18:01:19 - 来自 ('127.0.0.1', 60758) 的连接......
Wed 07 Jun 2023 18:01:19 - 收到来自 2d5043303030312d333737323937303436373734 的handshake消息： info_hash - 54a209462a1ab23e8b7246c319844ea0709a70ef
Wed 07 Jun 2023 18:01:19 - 查看数据库 - ("54a209462a1ab23e8b7246c319844ea0709a70ef")
Wed 07 Jun 2023 18:01:19 - 向 2d5043303030312d333737323937303436373734 发送handshake消息
Wed 07 Jun 2023 18:01:19 - 向 2d5043303030312d333737323937303436373734 发送bitfield消息
Wed 07 Jun 2023 18:01:19 - 收到来自 2d5043303030312d333737323937303436373734 的interested消息
Wed 07 Jun 2023 18:01:19 - 向 2d5043303030312d333737323937303436373734 发送unchock消息
Wed 07 Jun 2023 18:01:19 - 收到来自 2d5043303030312d333737323937303436373734 的request消息： index - 0; begin - 0; length - 16384
Wed 07 Jun 2023 18:01:19 - 向 2d5043303030312d333737323937303436373734 发送piece消息： index - 0; begin - 0; length - 16384
Wed 07 Jun 2023 18:01:21 - 收到来自 2d5043303030312d333737323937303436373734 的request消息： index - 1; begin - 0; length - 887
Wed 07 Jun 2023 18:01:21 - 向 2d5043303030312d333737323937303436373734 发送piece消息： index - 1; begin - 0; length - 887
Wed 07 Jun 2023 18:01:23 - ('127.0.0.1', 60758)断开连接
Wed 07 Jun 2023 18:07:16 - 来自 ('127.0.0.1', 61085) 的连接......
Wed 07 Jun 2023 18:07:16 - 收到来自 2d5043303030312d303036353935333134373630 的handshake消息： info_hash - 54a209462a1ab23e8b7246c319844ea0709a70ef
Wed 07 Jun 2023 18:07:16 - 查看数据库 - ("54a209462a1ab23e8b7246c319844ea0709a70ef")
Wed 07 Jun 2023 18:07:16 - 向 2d5043303030312d303036353935333134373630 发送handshake消息
Wed 07 Jun 2023 18:07:16 - 向 2d5043303030312d303036353935333134373630 发送bitfield消息
Wed 07 Jun 2023 18:07:16 - 收到来自 2d5043303030312d303036353935333134373630 的interested消息
Wed 07 Jun 2023 18:07:16 - 向 2d5043303030312d303036353935333134373630 发送unchock消息
Wed 07 Jun 2023 18:07:16 - 收到来自 2d5043303030312d303036353935333134373630 的request消息： index - 0; begin - 0; length - 16384
Wed 07 Jun 2023 18:07:16 - 向 2d5043303030312d303036353935333134373630 发送piece消息： index - 0; begin - 0; length - 16384
Wed 07 Jun 2023 18:07:18 - 收到来自 2d5043303030312d303036353935333134373630 的request消息： index - 1; begin - 0; length - 887
Wed 07 Jun 2023 18:07:18 - 向 2d5043303030312d303036353935333134373630 发送piece消息： index - 1; begin - 0; length - 887
Wed 07 Jun 2023 18:07:20 - ('127.0.0.1', 61085)断开连接
